{
  "RSpec": {
    "coverage": {
      "/home/hp/Desktop/Aastha/Rails/music-app-dummy/spec/models/album_spec.rb": {
        "lines": [
          1,
          null,
          1,
          1,
          2,
          null,
          1,
          2,
          2,
          null,
          null
        ]
      },
      "/home/hp/Desktop/Aastha/Rails/music-app-dummy/spec/rails_helper.rb": {
        "lines": [
          null,
          1,
          1,
          1,
          null,
          1,
          1,
          null,
          null,
          null,
          null,
          null,
          null,
          null,
          null,
          null,
          null,
          null,
          null,
          null,
          null,
          null,
          2,
          null,
          null,
          null,
          null,
          1,
          null,
          0,
          null,
          1,
          null,
          1,
          null,
          null,
          null,
          null,
          1,
          null,
          null,
          null,
          null,
          null,
          null,
          null,
          null,
          null,
          null,
          null,
          null,
          null,
          null,
          null,
          null,
          null,
          1,
          null,
          null,
          1,
          null,
          null,
          null,
          null,
          1,
          1,
          1,
          1,
          null,
          null
        ]
      },
      "/home/hp/Desktop/Aastha/Rails/music-app-dummy/config/environment.rb": {
        "lines": [
          null,
          1,
          null,
          null,
          1
        ]
      },
      "/home/hp/Desktop/Aastha/Rails/music-app-dummy/config/application.rb": {
        "lines": [
          1,
          null,
          1,
          null,
          null,
          null,
          1,
          null,
          1,
          1,
          null,
          1,
          1,
          null,
          null,
          null,
          null,
          null,
          null,
          null,
          null,
          null,
          null,
          null,
          null,
          null,
          null,
          null,
          null,
          null,
          null
        ]
      },
      "/home/hp/Desktop/Aastha/Rails/music-app-dummy/config/boot.rb": {
        "lines": [
          1,
          null,
          1,
          1
        ]
      },
      "/home/hp/Desktop/Aastha/Rails/music-app-dummy/config/environments/test.rb": {
        "lines": [
          1,
          null,
          null,
          null,
          null,
          null,
          null,
          1,
          null,
          null,
          null,
          1,
          null,
          null,
          null,
          null,
          1,
          null,
          null,
          1,
          1,
          null,
          null,
          null,
          null,
          1,
          1,
          1,
          null,
          null,
          1,
          null,
          null,
          1,
          null,
          null,
          1,
          null,
          1,
          null,
          null,
          null,
          null,
          1,
          null,
          null,
          1,
          null,
          null,
          1,
          null,
          null,
          1,
          null,
          null,
          null,
          null,
          null,
          null,
          null
        ]
      },
      "/home/hp/Desktop/Aastha/Rails/music-app-dummy/config/initializers/cors.rb": {
        "lines": [
          null,
          null,
          null,
          null,
          null,
          null,
          null,
          null,
          null,
          null,
          null,
          null,
          null,
          null,
          null,
          null
        ]
      },
      "/home/hp/Desktop/Aastha/Rails/music-app-dummy/config/initializers/filter_parameter_logging.rb": {
        "lines": [
          null,
          null,
          null,
          null,
          null,
          1,
          null,
          null
        ]
      },
      "/home/hp/Desktop/Aastha/Rails/music-app-dummy/config/initializers/inflections.rb": {
        "lines": [
          null,
          null,
          null,
          null,
          null,
          null,
          null,
          null,
          null,
          null,
          null,
          null,
          null,
          null,
          null,
          null
        ]
      },
      "/home/hp/Desktop/Aastha/Rails/music-app-dummy/config/initializers/sidekiq.rb": {
        "lines": [
          1,
          0,
          0,
          null,
          0,
          0,
          null,
          null,
          1,
          0,
          null,
          1,
          1,
          null,
          null,
          null,
          1,
          1,
          0,
          null,
          null
        ]
      },
      "/home/hp/Desktop/Aastha/Rails/music-app-dummy/spec/factories/albums.rb": {
        "lines": [
          1,
          1,
          null,
          null,
          null
        ]
      },
      "/home/hp/Desktop/Aastha/Rails/music-app-dummy/spec/factories/artists.rb": {
        "lines": [
          1,
          1,
          null,
          null,
          null,
          null,
          null
        ]
      },
      "/home/hp/Desktop/Aastha/Rails/music-app-dummy/spec/factories/listeners.rb": {
        "lines": [
          1,
          1,
          null,
          null,
          null
        ]
      },
      "/home/hp/Desktop/Aastha/Rails/music-app-dummy/spec/factories/playlists.rb": {
        "lines": [
          1,
          1,
          null,
          null,
          null
        ]
      },
      "/home/hp/Desktop/Aastha/Rails/music-app-dummy/spec/factories/song_splits.rb": {
        "lines": [
          1,
          1,
          null,
          null,
          null
        ]
      },
      "/home/hp/Desktop/Aastha/Rails/music-app-dummy/spec/factories/songs.rb": {
        "lines": [
          1,
          1,
          null,
          null,
          null
        ]
      },
      "/home/hp/Desktop/Aastha/Rails/music-app-dummy/spec/factories/users.rb": {
        "lines": [
          1,
          null,
          1,
          1,
          1,
          1,
          1,
          1,
          null,
          null
        ]
      },
      "/home/hp/Desktop/Aastha/Rails/music-app-dummy/config/routes.rb": {
        "lines": [
          1,
          1,
          null,
          1,
          1,
          null,
          1,
          1,
          1,
          1,
          null,
          null,
          1,
          1,
          1,
          1,
          1,
          1,
          1,
          1,
          1,
          1,
          null,
          null,
          1,
          1,
          null,
          null,
          1,
          1,
          1,
          null,
          null,
          1,
          null,
          1,
          null,
          1,
          1,
          1,
          1,
          1,
          1,
          null,
          null,
          null,
          1,
          1,
          1,
          null,
          null,
          1,
          1,
          null,
          null,
          null,
          1,
          1,
          1,
          1,
          null,
          1,
          1,
          1,
          null,
          null,
          null,
          1,
          1,
          1,
          1,
          null,
          1,
          1,
          null,
          null,
          null,
          null,
          null,
          1,
          1,
          null,
          null,
          null,
          1,
          1,
          null,
          null,
          1,
          1,
          1,
          1,
          null,
          null,
          null,
          1,
          1,
          1,
          1,
          1,
          null,
          null,
          null,
          1,
          1,
          1,
          1,
          null,
          null
        ]
      },
      "/home/hp/Desktop/Aastha/Rails/music-app-dummy/spec/support/factory_bot.rb": {
        "lines": [
          1,
          1,
          null
        ]
      },
      "/home/hp/Desktop/Aastha/Rails/music-app-dummy/app/models/album.rb": {
        "lines": [
          1,
          1,
          1,
          1,
          null,
          null,
          null,
          null,
          null,
          null
        ]
      },
      "/home/hp/Desktop/Aastha/Rails/music-app-dummy/app/models/application_record.rb": {
        "lines": [
          1,
          1,
          null
        ]
      },
      "/home/hp/Desktop/Aastha/Rails/music-app-dummy/spec/models/artist_spec.rb": {
        "lines": [
          1,
          null,
          1,
          1,
          2,
          2,
          null,
          null
        ]
      },
      "/home/hp/Desktop/Aastha/Rails/music-app-dummy/app/models/artist.rb": {
        "lines": [
          1,
          1,
          1,
          null
        ]
      },
      "/home/hp/Desktop/Aastha/Rails/music-app-dummy/app/models/user.rb": {
        "lines": [
          1,
          1,
          null,
          1,
          1,
          1,
          1,
          1,
          null,
          1,
          1,
          1,
          null,
          1,
          1,
          1,
          1,
          null,
          1,
          1,
          1,
          1,
          1,
          null,
          1,
          0,
          0,
          0,
          null,
          null,
          1,
          0,
          null,
          null,
          1,
          0,
          0,
          0,
          null,
          null,
          1,
          null,
          1,
          null,
          0,
          0,
          null,
          null,
          null,
          1,
          0,
          null,
          null
        ]
      },
      "/home/hp/Desktop/Aastha/Rails/music-app-dummy/spec/models/listener_spec.rb": {
        "lines": [
          1,
          null,
          1,
          1,
          2,
          null,
          null
        ]
      },
      "/home/hp/Desktop/Aastha/Rails/music-app-dummy/app/models/listener.rb": {
        "lines": [
          1,
          1,
          null
        ]
      },
      "/home/hp/Desktop/Aastha/Rails/music-app-dummy/spec/models/playlist_spec.rb": {
        "lines": [
          1,
          null,
          1,
          1,
          2,
          null,
          null,
          1,
          2,
          2,
          2,
          null,
          null
        ]
      },
      "/home/hp/Desktop/Aastha/Rails/music-app-dummy/app/models/playlist.rb": {
        "lines": [
          1,
          1,
          1,
          1,
          null,
          1,
          null,
          1,
          null
        ]
      },
      "/home/hp/Desktop/Aastha/Rails/music-app-dummy/spec/models/song_spec.rb": {
        "lines": [
          1,
          null,
          1,
          1,
          2,
          2,
          2,
          null,
          null,
          1,
          2,
          2,
          2,
          2,
          2,
          2,
          null,
          null,
          null,
          null
        ]
      },
      "/home/hp/Desktop/Aastha/Rails/music-app-dummy/app/models/song.rb": {
        "lines": [
          1,
          1,
          1,
          1,
          1,
          1,
          1,
          1,
          null,
          null,
          1,
          null,
          null,
          1,
          null,
          1,
          1,
          null,
          1,
          null,
          1,
          null,
          null,
          null,
          null,
          null,
          null,
          null,
          null,
          null,
          null,
          null,
          1,
          null,
          0,
          null,
          null
        ]
      },
      "/home/hp/Desktop/Aastha/Rails/music-app-dummy/spec/models/song_split_spec.rb": {
        "lines": [
          1,
          null,
          1,
          1,
          2,
          2,
          2,
          2,
          null,
          null
        ]
      },
      "/home/hp/Desktop/Aastha/Rails/music-app-dummy/app/models/song_split.rb": {
        "lines": [
          1,
          1,
          1,
          1,
          1,
          null,
          null
        ]
      },
      "/home/hp/Desktop/Aastha/Rails/music-app-dummy/spec/models/user_spec.rb": {
        "lines": [
          1,
          null,
          1,
          1,
          null,
          2,
          2,
          2,
          2,
          2,
          null,
          null
        ]
      },
      "/home/hp/Desktop/Aastha/Rails/music-app-dummy/spec/requests/songs_spec.rb": {
        "lines": [
          null,
          null,
          null,
          null,
          null,
          null,
          null,
          null,
          null,
          null,
          null,
          null,
          null,
          null,
          null,
          null,
          null,
          null,
          null
        ]
      },
      "/home/hp/Desktop/Aastha/Rails/music-app-dummy/spec/requests/users_spec.rb": {
        "lines": [
          1,
          null,
          1,
          null,
          null,
          null,
          null,
          null,
          null,
          null,
          null,
          null,
          null,
          null,
          null,
          null,
          null,
          null,
          null,
          null
        ]
      },
      "/home/hp/Desktop/Aastha/Rails/music-app-dummy/app/models/playlist_song.rb": {
        "lines": [
          1,
          1,
          1,
          null
        ]
      },
      "/home/hp/Desktop/Aastha/Rails/music-app-dummy/app/models/song_request.rb": {
        "lines": [
          1,
          1,
          1,
          1,
          1,
          null
        ]
      }
    },
    "timestamp": 1697547389
  }
}
